Arguments: 
  /home/wess/.nvm/versions/node/v16.1.0/bin/node /mnt/c/Program Files (x86)/Yarn/bin/yarn.js add express mogan

PATH: 
  /home/wess/.nvm/versions/node/v16.1.0/bin:/usr/local/sbin:/usr/local/bin:/usr/sbin:/usr/bin:/sbin:/bin:/usr/games:/usr/local/games:/mnt/c/WINDOWS/system32:/mnt/c/WINDOWS:/mnt/c/WINDOWS/System32/Wbem:/mnt/c/WINDOWS/System32/WindowsPowerShell/v1.0/:/mnt/c/Program Files (x86)/Box/Box Edit/:/mnt/c/Program Files/nodejs/:/mnt/c/Program Files/Git/cmd:/mnt/c/Program Files (x86)/Yarn/bin/:/mnt/c/ProgramData/chocolatey/bin:/mnt/c/Program Files/Docker/Docker/resources/bin:/mnt/c/ProgramData/DockerDesktop/version-bin:/mnt/c/Users/Wesanjos/AppData/Local/Microsoft/WindowsApps:/mnt/c/Users/Wesanjos/AppData/Local/Programs/Microsoft VS Code/bin:/mnt/c/Users/Wesanjos/AppData/Roaming/npm:/mnt/c/Users/Wesanjos/AppData/Local/Yarn/bin

Yarn version: 
  1.22.5

Node version: 
  16.1.0

Platform: 
  linux x64

Trace: 
  Error: https://registry.yarnpkg.com/mogan: Not found
      at Request.params.callback [as _callback] (/mnt/c/Program Files (x86)/Yarn/lib/cli.js:66097:18)
      at Request.self.callback (/mnt/c/Program Files (x86)/Yarn/lib/cli.js:140749:22)
      at Request.emit (node:events:365:28)
      at Request.<anonymous> (/mnt/c/Program Files (x86)/Yarn/lib/cli.js:141721:10)
      at Request.emit (node:events:365:28)
      at IncomingMessage.<anonymous> (/mnt/c/Program Files (x86)/Yarn/lib/cli.js:141643:12)
      at Object.onceWrapper (node:events:471:28)
      at IncomingMessage.emit (node:events:377:35)
      at endReadableNT (node:internal/streams/readable:1312:12)
      at processTicksAndRejections (node:internal/process/task_queues:83:21)

npm manifest: 
  {
    "name": "backend",
    "version": "1.0.0",
    "description": "",
    "main": "index.js",
    "scripts": {
      "test": "echo \"Error: no test specified\" && exit 1"
    },
    "keywords": [],
    "author": "",
    "license": "ISC"
  }

yarn manifest: 
  No manifest

Lockfile: 
  No lockfile
